<?xml version="1.0" encoding="UTF-8"?>
<testng-results ignored="0" total="1" passed="1" failed="0" skipped="0">
  <reporter-output>
    <line>
      <![CDATA[Execution has been started]]>
    </line>
    <line>
      <![CDATA[Clicked on login option]]>
    </line>
    <line>
      <![CDATA[Email has been entered]]>
    </line>
    <line>
      <![CDATA[Clicked on login button]]>
    </line>
    <line>
      <![CDATA[Password has been entered]]>
    </line>
    <line>
      <![CDATA[Clicked on login to continue button]]>
    </line>
    <line>
      <![CDATA[Clicked on Create New Board]]>
    </line>
    <line>
      <![CDATA[Entered the Board Title]]>
    </line>
    <line>
      <![CDATA[Clicked on Create button]]>
    </line>
    <line>
      <![CDATA[Execution has been stopped]]>
    </line>
  </reporter-output>
  <suite started-at="2023-08-26T22:31:17 IST" name="Default suite" finished-at="2023-08-26T22:31:49 IST" duration-ms="32097">
    <groups>
    </groups>
    <test started-at="2023-08-26T22:31:17 IST" name="Default test" finished-at="2023-08-26T22:31:49 IST" duration-ms="32097">
      <class name="trelloendtoend.TrelloCreateAndDeleteBoard">
        <test-method is-config="true" signature="executeBeforeMethod()[pri:0, instance:trelloendtoend.TrelloCreateAndDeleteBoard@243c4f91]" started-at="2023-08-26T22:31:17 IST" name="executeBeforeMethod" finished-at="2023-08-26T22:31:25 IST" duration-ms="7636" status="PASS">
          <reporter-output>
          </reporter-output>
        </test-method> <!-- executeBeforeMethod -->
        <test-method signature="CreateAndDeleteBoard()[pri:0, instance:trelloendtoend.TrelloCreateAndDeleteBoard@243c4f91]" started-at="2023-08-26T22:31:25 IST" name="CreateAndDeleteBoard" finished-at="2023-08-26T22:31:49 IST" duration-ms="24036" status="PASS">
          <reporter-output>
            <line>
              <![CDATA[Execution has been started]]>
            </line>
            <line>
              <![CDATA[Clicked on login option]]>
            </line>
            <line>
              <![CDATA[Email has been entered]]>
            </line>
            <line>
              <![CDATA[Clicked on login button]]>
            </line>
            <line>
              <![CDATA[Password has been entered]]>
            </line>
            <line>
              <![CDATA[Clicked on login to continue button]]>
            </line>
            <line>
              <![CDATA[Clicked on Create New Board]]>
            </line>
            <line>
              <![CDATA[Entered the Board Title]]>
            </line>
            <line>
              <![CDATA[Clicked on Create button]]>
            </line>
            <line>
              <![CDATA[Execution has been stopped]]>
            </line>
          </reporter-output>
        </test-method> <!-- CreateAndDeleteBoard -->
        <test-method is-config="true" signature="executeAfterMethod()[pri:0, instance:trelloendtoend.TrelloCreateAndDeleteBoard@243c4f91]" started-at="2023-08-26T22:31:49 IST" name="executeAfterMethod" finished-at="2023-08-26T22:31:49 IST" duration-ms="396" status="PASS">
          <reporter-output>
          </reporter-output>
        </test-method> <!-- executeAfterMethod -->
      </class> <!-- trelloendtoend.TrelloCreateAndDeleteBoard -->
    </test> <!-- Default test -->
  </suite> <!-- Default suite -->
</testng-results>
